0 info it worked if it ends with ok
1 verbose cli [ 'A:\\nodejs\\node.exe',
1 verbose cli   'A:\\nodejs\\node_modules\\npm\\bin\\npm-cli.js',
1 verbose cli   'start' ]
2 info using npm@3.10.10
3 info using node@v6.9.5
4 verbose run-script [ 'prestart', 'start', 'poststart' ]
5 info lifecycle stucloud@0.0.1~prestart: stucloud@0.0.1
6 silly lifecycle stucloud@0.0.1~prestart: no script for prestart, continuing
7 info lifecycle stucloud@0.0.1~start: stucloud@0.0.1
8 verbose lifecycle stucloud@0.0.1~start: unsafe-perm in lifecycle true
9 verbose lifecycle stucloud@0.0.1~start: PATH: A:\nodejs\node_modules\npm\bin\node-gyp-bin;D:\实习\stuCloud\node_modules\.bin;A:\cmder\bin;A:\cmder\vendor\conemu-maximus5\ConEmu\Scripts;A:\cmder\vendor\conemu-maximus5;A:\cmder\vendor\conemu-maximus5\ConEmu;A:\ImageMagick-7.0.1-Q16;A:\Python2\;A:\Python2\Scripts;A:\Python3\Scripts\;A:\Python3\;C:\Windows\system32;C:\Windows;C:\Windows\System32\Wbem;C:\Windows\System32\WindowsPowerShell\v1.0\;C:\Program Files\Intel\WiFi\bin\;C:\Program Files\Common Files\Intel\WirelessCommon\;A:\nodejs\;A:\Git\cmd;A:\cmder;C:\Users\zc\AppData\Local\Microsoft\WindowsApps;C:\Program Files\Intel\WiFi\bin\;C:\Program Files\Common Files\Intel\WirelessCommon\;C:\Users\zc\AppData\Roaming\npm;A:\Git\usr\bin;A:\Git\usr\share\vim\vim74;A:\cmder\
10 verbose lifecycle stucloud@0.0.1~start: CWD: D:\实习\stuCloud
11 silly lifecycle stucloud@0.0.1~start: Args: [ '/d /s /c', 'gulp serve' ]
12 silly lifecycle stucloud@0.0.1~start: Returned: code: 3221225786  signal: null
13 info lifecycle stucloud@0.0.1~start: Failed to exec start script
14 verbose stack Error: stucloud@0.0.1 start: `gulp serve`
14 verbose stack Exit status 3221225786
14 verbose stack     at EventEmitter.<anonymous> (A:\nodejs\node_modules\npm\lib\utils\lifecycle.js:255:16)
14 verbose stack     at emitTwo (events.js:106:13)
14 verbose stack     at EventEmitter.emit (events.js:191:7)
14 verbose stack     at ChildProcess.<anonymous> (A:\nodejs\node_modules\npm\lib\utils\spawn.js:40:14)
14 verbose stack     at emitTwo (events.js:106:13)
14 verbose stack     at ChildProcess.emit (events.js:191:7)
14 verbose stack     at maybeClose (internal/child_process.js:877:16)
14 verbose stack     at Process.ChildProcess._handle.onexit (internal/child_process.js:226:5)
15 verbose pkgid stucloud@0.0.1
16 verbose cwd D:\实习\stuCloud
17 error Windows_NT 10.0.14393
18 error argv "A:\\nodejs\\node.exe" "A:\\nodejs\\node_modules\\npm\\bin\\npm-cli.js" "start"
19 error node v6.9.5
20 error npm  v3.10.10
21 error code ELIFECYCLE
22 error stucloud@0.0.1 start: `gulp serve`
22 error Exit status 3221225786
23 error Failed at the stucloud@0.0.1 start script 'gulp serve'.
23 error Make sure you have the latest version of node.js and npm installed.
23 error If you do, this is most likely a problem with the stucloud package,
23 error not with npm itself.
23 error Tell the author that this fails on your system:
23 error     gulp serve
23 error You can get information on how to open an issue for this project with:
23 error     npm bugs stucloud
23 error Or if that isn't available, you can get their info via:
23 error     npm owner ls stucloud
23 error There is likely additional logging output above.
24 verbose exit [ 1, true ]
